<?xml version="1.0" encoding="UTF-8"?>
<testsuite xmlns:xsi="http://www.w3.org/2001/XMLSchema-instance" xsi:noNamespaceSchemaLocation="https://maven.apache.org/surefire/maven-surefire-plugin/xsd/surefire-test-report.xsd" name="com.beshton.shop.controllers.ImageUploadControllerTest" time="3.637" tests="1" errors="0" skipped="0" failures="0">
  <properties>
    <property name="awt.toolkit" value="sun.awt.X11.XToolkit"/>
    <property name="java.specification.version" value="11"/>
    <property name="sun.cpu.isalist" value=""/>
    <property name="sun.jnu.encoding" value="UTF-8"/>
    <property name="java.class.path" value="/mnt/c/Users/cw131/IdeaProjects/multimedia-main/target/test-classes:/mnt/c/Users/cw131/IdeaProjects/multimedia-main/target/classes:/home/wchen/.m2/repository/org/springframework/boot/spring-boot-starter-data-jpa/2.5.5/spring-boot-starter-data-jpa-2.5.5.jar:/home/wchen/.m2/repository/org/springframework/boot/spring-boot-starter-aop/2.5.5/spring-boot-starter-aop-2.5.5.jar:/home/wchen/.m2/repository/org/springframework/spring-aop/5.3.10/spring-aop-5.3.10.jar:/home/wchen/.m2/repository/org/aspectj/aspectjweaver/1.9.7/aspectjweaver-1.9.7.jar:/home/wchen/.m2/repository/org/springframework/boot/spring-boot-starter-jdbc/2.5.5/spring-boot-starter-jdbc-2.5.5.jar:/home/wchen/.m2/repository/com/zaxxer/HikariCP/4.0.3/HikariCP-4.0.3.jar:/home/wchen/.m2/repository/org/springframework/spring-jdbc/5.3.10/spring-jdbc-5.3.10.jar:/home/wchen/.m2/repository/jakarta/transaction/jakarta.transaction-api/1.3.3/jakarta.transaction-api-1.3.3.jar:/home/wchen/.m2/repository/jakarta/persistence/jakarta.persistence-api/2.2.3/jakarta.persistence-api-2.2.3.jar:/home/wchen/.m2/repository/org/hibernate/hibernate-core/5.4.32.Final/hibernate-core-5.4.32.Final.jar:/home/wchen/.m2/repository/org/jboss/logging/jboss-logging/3.4.2.Final/jboss-logging-3.4.2.Final.jar:/home/wchen/.m2/repository/org/javassist/javassist/3.27.0-GA/javassist-3.27.0-GA.jar:/home/wchen/.m2/repository/antlr/antlr/2.7.7/antlr-2.7.7.jar:/home/wchen/.m2/repository/org/jboss/jandex/2.2.3.Final/jandex-2.2.3.Final.jar:/home/wchen/.m2/repository/com/fasterxml/classmate/1.5.1/classmate-1.5.1.jar:/home/wchen/.m2/repository/org/dom4j/dom4j/2.1.3/dom4j-2.1.3.jar:/home/wchen/.m2/repository/org/hibernate/common/hibernate-commons-annotations/5.1.2.Final/hibernate-commons-annotations-5.1.2.Final.jar:/home/wchen/.m2/repository/org/glassfish/jaxb/jaxb-runtime/2.3.5/jaxb-runtime-2.3.5.jar:/home/wchen/.m2/repository/org/glassfish/jaxb/txw2/2.3.5/txw2-2.3.5.jar:/home/wchen/.m2/repository/com/sun/istack/istack-commons-runtime/3.0.12/istack-commons-runtime-3.0.12.jar:/home/wchen/.m2/repository/com/sun/activation/jakarta.activation/1.2.2/jakarta.activation-1.2.2.jar:/home/wchen/.m2/repository/org/springframework/data/spring-data-jpa/2.5.5/spring-data-jpa-2.5.5.jar:/home/wchen/.m2/repository/org/springframework/data/spring-data-commons/2.5.5/spring-data-commons-2.5.5.jar:/home/wchen/.m2/repository/org/springframework/spring-orm/5.3.10/spring-orm-5.3.10.jar:/home/wchen/.m2/repository/org/springframework/spring-tx/5.3.10/spring-tx-5.3.10.jar:/home/wchen/.m2/repository/org/springframework/spring-beans/5.3.10/spring-beans-5.3.10.jar:/home/wchen/.m2/repository/org/springframework/spring-aspects/5.3.10/spring-aspects-5.3.10.jar:/home/wchen/.m2/repository/org/springframework/boot/spring-boot-starter-hateoas/2.5.5/spring-boot-starter-hateoas-2.5.5.jar:/home/wchen/.m2/repository/org/springframework/hateoas/spring-hateoas/1.3.4/spring-hateoas-1.3.4.jar:/home/wchen/.m2/repository/org/springframework/plugin/spring-plugin-core/2.0.0.RELEASE/spring-plugin-core-2.0.0.RELEASE.jar:/home/wchen/.m2/repository/net/minidev/json-smart/2.4.7/json-smart-2.4.7.jar:/home/wchen/.m2/repository/net/minidev/accessors-smart/2.4.7/accessors-smart-2.4.7.jar:/home/wchen/.m2/repository/org/ow2/asm/asm/9.1/asm-9.1.jar:/home/wchen/.m2/repository/org/springframework/boot/spring-boot-starter-web/2.4.4/spring-boot-starter-web-2.4.4.jar:/home/wchen/.m2/repository/org/springframework/boot/spring-boot-starter/2.5.5/spring-boot-starter-2.5.5.jar:/home/wchen/.m2/repository/org/springframework/boot/spring-boot-starter-logging/2.5.5/spring-boot-starter-logging-2.5.5.jar:/home/wchen/.m2/repository/ch/qos/logback/logback-classic/1.2.6/logback-classic-1.2.6.jar:/home/wchen/.m2/repository/ch/qos/logback/logback-core/1.2.6/logback-core-1.2.6.jar:/home/wchen/.m2/repository/org/apache/logging/log4j/log4j-to-slf4j/2.14.1/log4j-to-slf4j-2.14.1.jar:/home/wchen/.m2/repository/org/apache/logging/log4j/log4j-api/2.14.1/log4j-api-2.14.1.jar:/home/wchen/.m2/repository/org/slf4j/jul-to-slf4j/1.7.32/jul-to-slf4j-1.7.32.jar:/home/wchen/.m2/repository/jakarta/annotation/jakarta.annotation-api/1.3.5/jakarta.annotation-api-1.3.5.jar:/home/wchen/.m2/repository/org/yaml/snakeyaml/1.28/snakeyaml-1.28.jar:/home/wchen/.m2/repository/org/springframework/boot/spring-boot-starter-json/2.5.5/spring-boot-starter-json-2.5.5.jar:/home/wchen/.m2/repository/com/fasterxml/jackson/core/jackson-databind/2.12.5/jackson-databind-2.12.5.jar:/home/wchen/.m2/repository/com/fasterxml/jackson/datatype/jackson-datatype-jdk8/2.12.5/jackson-datatype-jdk8-2.12.5.jar:/home/wchen/.m2/repository/com/fasterxml/jackson/datatype/jackson-datatype-jsr310/2.12.5/jackson-datatype-jsr310-2.12.5.jar:/home/wchen/.m2/repository/com/fasterxml/jackson/module/jackson-module-parameter-names/2.12.5/jackson-module-parameter-names-2.12.5.jar:/home/wchen/.m2/repository/org/springframework/boot/spring-boot-starter-tomcat/2.5.5/spring-boot-starter-tomcat-2.5.5.jar:/home/wchen/.m2/repository/org/apache/tomcat/embed/tomcat-embed-core/9.0.53/tomcat-embed-core-9.0.53.jar:/home/wchen/.m2/repository/org/apache/tomcat/embed/tomcat-embed-el/9.0.53/tomcat-embed-el-9.0.53.jar:/home/wchen/.m2/repository/org/apache/tomcat/embed/tomcat-embed-websocket/9.0.53/tomcat-embed-websocket-9.0.53.jar:/home/wchen/.m2/repository/org/springframework/spring-web/5.3.10/spring-web-5.3.10.jar:/home/wchen/.m2/repository/org/springframework/spring-webmvc/5.3.10/spring-webmvc-5.3.10.jar:/home/wchen/.m2/repository/org/springframework/spring-expression/5.3.10/spring-expression-5.3.10.jar:/home/wchen/.m2/repository/org/springframework/boot/spring-boot-starter-thymeleaf/2.5.5/spring-boot-starter-thymeleaf-2.5.5.jar:/home/wchen/.m2/repository/org/thymeleaf/thymeleaf-spring5/3.0.12.RELEASE/thymeleaf-spring5-3.0.12.RELEASE.jar:/home/wchen/.m2/repository/org/thymeleaf/thymeleaf/3.0.12.RELEASE/thymeleaf-3.0.12.RELEASE.jar:/home/wchen/.m2/repository/org/attoparser/attoparser/2.0.5.RELEASE/attoparser-2.0.5.RELEASE.jar:/home/wchen/.m2/repository/org/unbescape/unbescape/1.1.6.RELEASE/unbescape-1.1.6.RELEASE.jar:/home/wchen/.m2/repository/org/thymeleaf/extras/thymeleaf-extras-java8time/3.0.4.RELEASE/thymeleaf-extras-java8time-3.0.4.RELEASE.jar:/home/wchen/.m2/repository/org/springframework/boot/spring-boot-starter-data-rest/2.5.5/spring-boot-starter-data-rest-2.5.5.jar:/home/wchen/.m2/repository/org/springframework/data/spring-data-rest-webmvc/3.5.5/spring-data-rest-webmvc-3.5.5.jar:/home/wchen/.m2/repository/org/springframework/data/spring-data-rest-core/3.5.5/spring-data-rest-core-3.5.5.jar:/home/wchen/.m2/repository/org/atteo/evo-inflector/1.2.2/evo-inflector-1.2.2.jar:/home/wchen/.m2/repository/com/fasterxml/jackson/core/jackson-annotations/2.12.5/jackson-annotations-2.12.5.jar:/home/wchen/.m2/repository/com/microsoft/sqlserver/mssql-jdbc/9.2.1.jre8/mssql-jdbc-9.2.1.jre8.jar:/home/wchen/.m2/repository/mysql/mysql-connector-java/8.0.26/mysql-connector-java-8.0.26.jar:/home/wchen/.m2/repository/org/springframework/boot/spring-boot-starter-test/2.5.5/spring-boot-starter-test-2.5.5.jar:/home/wchen/.m2/repository/org/springframework/boot/spring-boot-test/2.5.5/spring-boot-test-2.5.5.jar:/home/wchen/.m2/repository/org/springframework/boot/spring-boot-test-autoconfigure/2.5.5/spring-boot-test-autoconfigure-2.5.5.jar:/home/wchen/.m2/repository/com/jayway/jsonpath/json-path/2.5.0/json-path-2.5.0.jar:/home/wchen/.m2/repository/jakarta/xml/bind/jakarta.xml.bind-api/2.3.3/jakarta.xml.bind-api-2.3.3.jar:/home/wchen/.m2/repository/jakarta/activation/jakarta.activation-api/1.2.2/jakarta.activation-api-1.2.2.jar:/home/wchen/.m2/repository/org/assertj/assertj-core/3.19.0/assertj-core-3.19.0.jar:/home/wchen/.m2/repository/org/hamcrest/hamcrest/2.2/hamcrest-2.2.jar:/home/wchen/.m2/repository/org/junit/jupiter/junit-jupiter/5.7.2/junit-jupiter-5.7.2.jar:/home/wchen/.m2/repository/org/junit/jupiter/junit-jupiter-api/5.7.2/junit-jupiter-api-5.7.2.jar:/home/wchen/.m2/repository/org/apiguardian/apiguardian-api/1.1.0/apiguardian-api-1.1.0.jar:/home/wchen/.m2/repository/org/opentest4j/opentest4j/1.2.0/opentest4j-1.2.0.jar:/home/wchen/.m2/repository/org/junit/platform/junit-platform-commons/1.7.2/junit-platform-commons-1.7.2.jar:/home/wchen/.m2/repository/org/junit/jupiter/junit-jupiter-params/5.7.2/junit-jupiter-params-5.7.2.jar:/home/wchen/.m2/repository/org/junit/jupiter/junit-jupiter-engine/5.7.2/junit-jupiter-engine-5.7.2.jar:/home/wchen/.m2/repository/org/junit/platform/junit-platform-engine/1.7.2/junit-platform-engine-1.7.2.jar:/home/wchen/.m2/repository/org/mockito/mockito-junit-jupiter/3.9.0/mockito-junit-jupiter-3.9.0.jar:/home/wchen/.m2/repository/org/skyscreamer/jsonassert/1.5.0/jsonassert-1.5.0.jar:/home/wchen/.m2/repository/com/vaadin/external/google/android-json/0.0.20131108.vaadin1/android-json-0.0.20131108.vaadin1.jar:/home/wchen/.m2/repository/org/springframework/spring-core/5.3.10/spring-core-5.3.10.jar:/home/wchen/.m2/repository/org/springframework/spring-jcl/5.3.10/spring-jcl-5.3.10.jar:/home/wchen/.m2/repository/org/springframework/spring-test/5.3.10/spring-test-5.3.10.jar:/home/wchen/.m2/repository/org/xmlunit/xmlunit-core/2.8.2/xmlunit-core-2.8.2.jar:/home/wchen/.m2/repository/org/springframework/boot/spring-boot-devtools/2.5.5/spring-boot-devtools-2.5.5.jar:/home/wchen/.m2/repository/org/springframework/boot/spring-boot/2.5.5/spring-boot-2.5.5.jar:/home/wchen/.m2/repository/org/springframework/boot/spring-boot-autoconfigure/2.5.5/spring-boot-autoconfigure-2.5.5.jar:/home/wchen/.m2/repository/org/webjars/jquery/3.4.1/jquery-3.4.1.jar:/home/wchen/.m2/repository/org/webjars/bootstrap/4.3.1/bootstrap-4.3.1.jar:/home/wchen/.m2/repository/org/webjars/popper.js/1.14.3/popper.js-1.14.3.jar:/home/wchen/.m2/repository/org/webjars/webjars-locator-core/0.46/webjars-locator-core-0.46.jar:/home/wchen/.m2/repository/org/slf4j/slf4j-api/1.7.32/slf4j-api-1.7.32.jar:/home/wchen/.m2/repository/io/github/classgraph/classgraph/4.8.69/classgraph-4.8.69.jar:/home/wchen/.m2/repository/com/fasterxml/jackson/core/jackson-core/2.12.5/jackson-core-2.12.5.jar:/home/wchen/.m2/repository/com/google/protobuf/protobuf-java/3.11.0/protobuf-java-3.11.0.jar:/home/wchen/.m2/repository/io/grpc/grpc-stub/1.26.0/grpc-stub-1.26.0.jar:/home/wchen/.m2/repository/io/grpc/grpc-protobuf/1.26.0/grpc-protobuf-1.26.0.jar:/home/wchen/.m2/repository/com/google/guava/guava/28.1-android/guava-28.1-android.jar:/home/wchen/.m2/repository/com/google/guava/failureaccess/1.0.1/failureaccess-1.0.1.jar:/home/wchen/.m2/repository/com/google/guava/listenablefuture/9999.0-empty-to-avoid-conflict-with-guava/listenablefuture-9999.0-empty-to-avoid-conflict-with-guava.jar:/home/wchen/.m2/repository/org/checkerframework/checker-compat-qual/2.5.5/checker-compat-qual-2.5.5.jar:/home/wchen/.m2/repository/com/google/j2objc/j2objc-annotations/1.3/j2objc-annotations-1.3.jar:/home/wchen/.m2/repository/com/google/api/grpc/proto-google-common-protos/1.12.0/proto-google-common-protos-1.12.0.jar:/home/wchen/.m2/repository/io/grpc/grpc-protobuf-lite/1.26.0/grpc-protobuf-lite-1.26.0.jar:/home/wchen/.m2/repository/io/grpc/grpc-netty-shaded/1.27.1/grpc-netty-shaded-1.27.1.jar:/home/wchen/.m2/repository/io/grpc/grpc-core/1.27.1/grpc-core-1.27.1.jar:/home/wchen/.m2/repository/io/grpc/grpc-api/1.27.1/grpc-api-1.27.1.jar:/home/wchen/.m2/repository/io/grpc/grpc-context/1.27.1/grpc-context-1.27.1.jar:/home/wchen/.m2/repository/com/google/code/findbugs/jsr305/3.0.2/jsr305-3.0.2.jar:/home/wchen/.m2/repository/org/codehaus/mojo/animal-sniffer-annotations/1.18/animal-sniffer-annotations-1.18.jar:/home/wchen/.m2/repository/com/google/code/gson/gson/2.8.8/gson-2.8.8.jar:/home/wchen/.m2/repository/com/google/android/annotations/4.1.1.4/annotations-4.1.1.4.jar:/home/wchen/.m2/repository/com/google/errorprone/error_prone_annotations/2.3.4/error_prone_annotations-2.3.4.jar:/home/wchen/.m2/repository/io/perfmark/perfmark-api/0.19.0/perfmark-api-0.19.0.jar:/home/wchen/.m2/repository/com/github/eirslett/frontend-maven-plugin/1.12.1/frontend-maven-plugin-1.12.1.jar:/home/wchen/.m2/repository/com/github/eirslett/frontend-plugin-core/1.12.1/frontend-plugin-core-1.12.1.jar:/home/wchen/.m2/repository/org/apache/commons/commons-compress/1.21/commons-compress-1.21.jar:/home/wchen/.m2/repository/commons-io/commons-io/2.11.0/commons-io-2.11.0.jar:/home/wchen/.m2/repository/org/apache/commons/commons-exec/1.3/commons-exec-1.3.jar:/home/wchen/.m2/repository/org/apache/httpcomponents/httpclient/4.5.13/httpclient-4.5.13.jar:/home/wchen/.m2/repository/org/apache/httpcomponents/httpcore/4.4.14/httpcore-4.4.14.jar:/home/wchen/.m2/repository/commons-codec/commons-codec/1.15/commons-codec-1.15.jar:/home/wchen/.m2/repository/org/codehaus/plexus/plexus-utils/3.0.22/plexus-utils-3.0.22.jar:/home/wchen/.m2/repository/org/apache/maven/maven-plugin-api/3.6.0/maven-plugin-api-3.6.0.jar:/home/wchen/.m2/repository/org/apache/maven/maven-model/3.6.0/maven-model-3.6.0.jar:/home/wchen/.m2/repository/org/apache/maven/maven-artifact/3.6.0/maven-artifact-3.6.0.jar:/home/wchen/.m2/repository/org/apache/commons/commons-lang3/3.12.0/commons-lang3-3.12.0.jar:/home/wchen/.m2/repository/org/eclipse/sisu/org.eclipse.sisu.plexus/0.3.3/org.eclipse.sisu.plexus-0.3.3.jar:/home/wchen/.m2/repository/javax/enterprise/cdi-api/1.0/cdi-api-1.0.jar:/home/wchen/.m2/repository/javax/annotation/jsr250-api/1.0/jsr250-api-1.0.jar:/home/wchen/.m2/repository/javax/inject/javax.inject/1/javax.inject-1.jar:/home/wchen/.m2/repository/org/eclipse/sisu/org.eclipse.sisu.inject/0.3.3/org.eclipse.sisu.inject-0.3.3.jar:/home/wchen/.m2/repository/org/codehaus/plexus/plexus-component-annotations/1.5.5/plexus-component-annotations-1.5.5.jar:/home/wchen/.m2/repository/org/codehaus/plexus/plexus-classworlds/2.5.2/plexus-classworlds-2.5.2.jar:/home/wchen/.m2/repository/org/apache/maven/plugin-tools/maven-plugin-annotations/3.2/maven-plugin-annotations-3.2.jar:/home/wchen/.m2/repository/org/sonatype/plexus/plexus-build-api/0.0.7/plexus-build-api-0.0.7.jar:/home/wchen/.m2/repository/io/grpc/grpc-services/1.27.1/grpc-services-1.27.1.jar:/home/wchen/.m2/repository/com/google/protobuf/protobuf-java-util/3.11.0/protobuf-java-util-3.11.0.jar:/home/wchen/.m2/repository/org/webjars/js-cookie/2.1.0/js-cookie-2.1.0.jar:/home/wchen/.m2/repository/io/awspring/cloud/spring-cloud-aws-context/2.4.0/spring-cloud-aws-context-2.4.0.jar:/home/wchen/.m2/repository/io/awspring/cloud/spring-cloud-aws-core/2.4.0/spring-cloud-aws-core-2.4.0.jar:/home/wchen/.m2/repository/com/amazonaws/aws-java-sdk-core/1.12.132/aws-java-sdk-core-1.12.132.jar:/home/wchen/.m2/repository/software/amazon/ion/ion-java/1.0.2/ion-java-1.0.2.jar:/home/wchen/.m2/repository/com/fasterxml/jackson/dataformat/jackson-dataformat-cbor/2.12.5/jackson-dataformat-cbor-2.12.5.jar:/home/wchen/.m2/repository/joda-time/joda-time/2.8.1/joda-time-2.8.1.jar:/home/wchen/.m2/repository/com/amazonaws/aws-java-sdk-s3/1.12.132/aws-java-sdk-s3-1.12.132.jar:/home/wchen/.m2/repository/com/amazonaws/aws-java-sdk-kms/1.12.132/aws-java-sdk-kms-1.12.132.jar:/home/wchen/.m2/repository/com/amazonaws/jmespath-java/1.12.132/jmespath-java-1.12.132.jar:/home/wchen/.m2/repository/com/amazonaws/aws-java-sdk-ec2/1.12.132/aws-java-sdk-ec2-1.12.132.jar:/home/wchen/.m2/repository/org/springframework/spring-context/5.3.10/spring-context-5.3.10.jar:/home/wchen/.m2/repository/javax/activation/javax.activation-api/1.2.0/javax.activation-api-1.2.0.jar:/home/wchen/.m2/repository/io/awspring/cloud/spring-cloud-aws-autoconfigure/2.4.0/spring-cloud-aws-autoconfigure-2.4.0.jar:/home/wchen/.m2/repository/org/mockito/mockito-core/3.9.0/mockito-core-3.9.0.jar:/home/wchen/.m2/repository/net/bytebuddy/byte-buddy/1.10.22/byte-buddy-1.10.22.jar:/home/wchen/.m2/repository/net/bytebuddy/byte-buddy-agent/1.10.22/byte-buddy-agent-1.10.22.jar:/home/wchen/.m2/repository/org/objenesis/objenesis/3.2/objenesis-3.2.jar:/home/wchen/.m2/repository/junit/junit/4.13.2/junit-4.13.2.jar:/home/wchen/.m2/repository/org/hamcrest/hamcrest-core/2.2/hamcrest-core-2.2.jar:"/>
    <property name="java.vm.vendor" value="Ubuntu"/>
    <property name="sun.arch.data.model" value="64"/>
    <property name="java.vendor.url" value="https://ubuntu.com/"/>
    <property name="user.timezone" value=""/>
    <property name="java.vm.specification.version" value="11"/>
    <property name="os.name" value="Linux"/>
    <property name="sun.java.launcher" value="SUN_STANDARD"/>
    <property name="sun.boot.library.path" value="/usr/lib/jvm/java-11-openjdk-amd64/lib"/>
    <property name="sun.java.command" value="/mnt/c/Users/cw131/IdeaProjects/multimedia-main/target/surefire/surefirebooter9336818323012074400.jar /mnt/c/Users/cw131/IdeaProjects/multimedia-main/target/surefire 2022-03-02T01-57-39_735-jvmRun1 surefire18322074956857257049tmp surefire_011844899998228217183tmp"/>
    <property name="jdk.debug" value="release"/>
    <property name="surefire.test.class.path" value="/mnt/c/Users/cw131/IdeaProjects/multimedia-main/target/test-classes:/mnt/c/Users/cw131/IdeaProjects/multimedia-main/target/classes:/home/wchen/.m2/repository/org/springframework/boot/spring-boot-starter-data-jpa/2.5.5/spring-boot-starter-data-jpa-2.5.5.jar:/home/wchen/.m2/repository/org/springframework/boot/spring-boot-starter-aop/2.5.5/spring-boot-starter-aop-2.5.5.jar:/home/wchen/.m2/repository/org/springframework/spring-aop/5.3.10/spring-aop-5.3.10.jar:/home/wchen/.m2/repository/org/aspectj/aspectjweaver/1.9.7/aspectjweaver-1.9.7.jar:/home/wchen/.m2/repository/org/springframework/boot/spring-boot-starter-jdbc/2.5.5/spring-boot-starter-jdbc-2.5.5.jar:/home/wchen/.m2/repository/com/zaxxer/HikariCP/4.0.3/HikariCP-4.0.3.jar:/home/wchen/.m2/repository/org/springframework/spring-jdbc/5.3.10/spring-jdbc-5.3.10.jar:/home/wchen/.m2/repository/jakarta/transaction/jakarta.transaction-api/1.3.3/jakarta.transaction-api-1.3.3.jar:/home/wchen/.m2/repository/jakarta/persistence/jakarta.persistence-api/2.2.3/jakarta.persistence-api-2.2.3.jar:/home/wchen/.m2/repository/org/hibernate/hibernate-core/5.4.32.Final/hibernate-core-5.4.32.Final.jar:/home/wchen/.m2/repository/org/jboss/logging/jboss-logging/3.4.2.Final/jboss-logging-3.4.2.Final.jar:/home/wchen/.m2/repository/org/javassist/javassist/3.27.0-GA/javassist-3.27.0-GA.jar:/home/wchen/.m2/repository/antlr/antlr/2.7.7/antlr-2.7.7.jar:/home/wchen/.m2/repository/org/jboss/jandex/2.2.3.Final/jandex-2.2.3.Final.jar:/home/wchen/.m2/repository/com/fasterxml/classmate/1.5.1/classmate-1.5.1.jar:/home/wchen/.m2/repository/org/dom4j/dom4j/2.1.3/dom4j-2.1.3.jar:/home/wchen/.m2/repository/org/hibernate/common/hibernate-commons-annotations/5.1.2.Final/hibernate-commons-annotations-5.1.2.Final.jar:/home/wchen/.m2/repository/org/glassfish/jaxb/jaxb-runtime/2.3.5/jaxb-runtime-2.3.5.jar:/home/wchen/.m2/repository/org/glassfish/jaxb/txw2/2.3.5/txw2-2.3.5.jar:/home/wchen/.m2/repository/com/sun/istack/istack-commons-runtime/3.0.12/istack-commons-runtime-3.0.12.jar:/home/wchen/.m2/repository/com/sun/activation/jakarta.activation/1.2.2/jakarta.activation-1.2.2.jar:/home/wchen/.m2/repository/org/springframework/data/spring-data-jpa/2.5.5/spring-data-jpa-2.5.5.jar:/home/wchen/.m2/repository/org/springframework/data/spring-data-commons/2.5.5/spring-data-commons-2.5.5.jar:/home/wchen/.m2/repository/org/springframework/spring-orm/5.3.10/spring-orm-5.3.10.jar:/home/wchen/.m2/repository/org/springframework/spring-tx/5.3.10/spring-tx-5.3.10.jar:/home/wchen/.m2/repository/org/springframework/spring-beans/5.3.10/spring-beans-5.3.10.jar:/home/wchen/.m2/repository/org/springframework/spring-aspects/5.3.10/spring-aspects-5.3.10.jar:/home/wchen/.m2/repository/org/springframework/boot/spring-boot-starter-hateoas/2.5.5/spring-boot-starter-hateoas-2.5.5.jar:/home/wchen/.m2/repository/org/springframework/hateoas/spring-hateoas/1.3.4/spring-hateoas-1.3.4.jar:/home/wchen/.m2/repository/org/springframework/plugin/spring-plugin-core/2.0.0.RELEASE/spring-plugin-core-2.0.0.RELEASE.jar:/home/wchen/.m2/repository/net/minidev/json-smart/2.4.7/json-smart-2.4.7.jar:/home/wchen/.m2/repository/net/minidev/accessors-smart/2.4.7/accessors-smart-2.4.7.jar:/home/wchen/.m2/repository/org/ow2/asm/asm/9.1/asm-9.1.jar:/home/wchen/.m2/repository/org/springframework/boot/spring-boot-starter-web/2.4.4/spring-boot-starter-web-2.4.4.jar:/home/wchen/.m2/repository/org/springframework/boot/spring-boot-starter/2.5.5/spring-boot-starter-2.5.5.jar:/home/wchen/.m2/repository/org/springframework/boot/spring-boot-starter-logging/2.5.5/spring-boot-starter-logging-2.5.5.jar:/home/wchen/.m2/repository/ch/qos/logback/logback-classic/1.2.6/logback-classic-1.2.6.jar:/home/wchen/.m2/repository/ch/qos/logback/logback-core/1.2.6/logback-core-1.2.6.jar:/home/wchen/.m2/repository/org/apache/logging/log4j/log4j-to-slf4j/2.14.1/log4j-to-slf4j-2.14.1.jar:/home/wchen/.m2/repository/org/apache/logging/log4j/log4j-api/2.14.1/log4j-api-2.14.1.jar:/home/wchen/.m2/repository/org/slf4j/jul-to-slf4j/1.7.32/jul-to-slf4j-1.7.32.jar:/home/wchen/.m2/repository/jakarta/annotation/jakarta.annotation-api/1.3.5/jakarta.annotation-api-1.3.5.jar:/home/wchen/.m2/repository/org/yaml/snakeyaml/1.28/snakeyaml-1.28.jar:/home/wchen/.m2/repository/org/springframework/boot/spring-boot-starter-json/2.5.5/spring-boot-starter-json-2.5.5.jar:/home/wchen/.m2/repository/com/fasterxml/jackson/core/jackson-databind/2.12.5/jackson-databind-2.12.5.jar:/home/wchen/.m2/repository/com/fasterxml/jackson/datatype/jackson-datatype-jdk8/2.12.5/jackson-datatype-jdk8-2.12.5.jar:/home/wchen/.m2/repository/com/fasterxml/jackson/datatype/jackson-datatype-jsr310/2.12.5/jackson-datatype-jsr310-2.12.5.jar:/home/wchen/.m2/repository/com/fasterxml/jackson/module/jackson-module-parameter-names/2.12.5/jackson-module-parameter-names-2.12.5.jar:/home/wchen/.m2/repository/org/springframework/boot/spring-boot-starter-tomcat/2.5.5/spring-boot-starter-tomcat-2.5.5.jar:/home/wchen/.m2/repository/org/apache/tomcat/embed/tomcat-embed-core/9.0.53/tomcat-embed-core-9.0.53.jar:/home/wchen/.m2/repository/org/apache/tomcat/embed/tomcat-embed-el/9.0.53/tomcat-embed-el-9.0.53.jar:/home/wchen/.m2/repository/org/apache/tomcat/embed/tomcat-embed-websocket/9.0.53/tomcat-embed-websocket-9.0.53.jar:/home/wchen/.m2/repository/org/springframework/spring-web/5.3.10/spring-web-5.3.10.jar:/home/wchen/.m2/repository/org/springframework/spring-webmvc/5.3.10/spring-webmvc-5.3.10.jar:/home/wchen/.m2/repository/org/springframework/spring-expression/5.3.10/spring-expression-5.3.10.jar:/home/wchen/.m2/repository/org/springframework/boot/spring-boot-starter-thymeleaf/2.5.5/spring-boot-starter-thymeleaf-2.5.5.jar:/home/wchen/.m2/repository/org/thymeleaf/thymeleaf-spring5/3.0.12.RELEASE/thymeleaf-spring5-3.0.12.RELEASE.jar:/home/wchen/.m2/repository/org/thymeleaf/thymeleaf/3.0.12.RELEASE/thymeleaf-3.0.12.RELEASE.jar:/home/wchen/.m2/repository/org/attoparser/attoparser/2.0.5.RELEASE/attoparser-2.0.5.RELEASE.jar:/home/wchen/.m2/repository/org/unbescape/unbescape/1.1.6.RELEASE/unbescape-1.1.6.RELEASE.jar:/home/wchen/.m2/repository/org/thymeleaf/extras/thymeleaf-extras-java8time/3.0.4.RELEASE/thymeleaf-extras-java8time-3.0.4.RELEASE.jar:/home/wchen/.m2/repository/org/springframework/boot/spring-boot-starter-data-rest/2.5.5/spring-boot-starter-data-rest-2.5.5.jar:/home/wchen/.m2/repository/org/springframework/data/spring-data-rest-webmvc/3.5.5/spring-data-rest-webmvc-3.5.5.jar:/home/wchen/.m2/repository/org/springframework/data/spring-data-rest-core/3.5.5/spring-data-rest-core-3.5.5.jar:/home/wchen/.m2/repository/org/atteo/evo-inflector/1.2.2/evo-inflector-1.2.2.jar:/home/wchen/.m2/repository/com/fasterxml/jackson/core/jackson-annotations/2.12.5/jackson-annotations-2.12.5.jar:/home/wchen/.m2/repository/com/microsoft/sqlserver/mssql-jdbc/9.2.1.jre8/mssql-jdbc-9.2.1.jre8.jar:/home/wchen/.m2/repository/mysql/mysql-connector-java/8.0.26/mysql-connector-java-8.0.26.jar:/home/wchen/.m2/repository/org/springframework/boot/spring-boot-starter-test/2.5.5/spring-boot-starter-test-2.5.5.jar:/home/wchen/.m2/repository/org/springframework/boot/spring-boot-test/2.5.5/spring-boot-test-2.5.5.jar:/home/wchen/.m2/repository/org/springframework/boot/spring-boot-test-autoconfigure/2.5.5/spring-boot-test-autoconfigure-2.5.5.jar:/home/wchen/.m2/repository/com/jayway/jsonpath/json-path/2.5.0/json-path-2.5.0.jar:/home/wchen/.m2/repository/jakarta/xml/bind/jakarta.xml.bind-api/2.3.3/jakarta.xml.bind-api-2.3.3.jar:/home/wchen/.m2/repository/jakarta/activation/jakarta.activation-api/1.2.2/jakarta.activation-api-1.2.2.jar:/home/wchen/.m2/repository/org/assertj/assertj-core/3.19.0/assertj-core-3.19.0.jar:/home/wchen/.m2/repository/org/hamcrest/hamcrest/2.2/hamcrest-2.2.jar:/home/wchen/.m2/repository/org/junit/jupiter/junit-jupiter/5.7.2/junit-jupiter-5.7.2.jar:/home/wchen/.m2/repository/org/junit/jupiter/junit-jupiter-api/5.7.2/junit-jupiter-api-5.7.2.jar:/home/wchen/.m2/repository/org/apiguardian/apiguardian-api/1.1.0/apiguardian-api-1.1.0.jar:/home/wchen/.m2/repository/org/opentest4j/opentest4j/1.2.0/opentest4j-1.2.0.jar:/home/wchen/.m2/repository/org/junit/platform/junit-platform-commons/1.7.2/junit-platform-commons-1.7.2.jar:/home/wchen/.m2/repository/org/junit/jupiter/junit-jupiter-params/5.7.2/junit-jupiter-params-5.7.2.jar:/home/wchen/.m2/repository/org/junit/jupiter/junit-jupiter-engine/5.7.2/junit-jupiter-engine-5.7.2.jar:/home/wchen/.m2/repository/org/junit/platform/junit-platform-engine/1.7.2/junit-platform-engine-1.7.2.jar:/home/wchen/.m2/repository/org/mockito/mockito-junit-jupiter/3.9.0/mockito-junit-jupiter-3.9.0.jar:/home/wchen/.m2/repository/org/skyscreamer/jsonassert/1.5.0/jsonassert-1.5.0.jar:/home/wchen/.m2/repository/com/vaadin/external/google/android-json/0.0.20131108.vaadin1/android-json-0.0.20131108.vaadin1.jar:/home/wchen/.m2/repository/org/springframework/spring-core/5.3.10/spring-core-5.3.10.jar:/home/wchen/.m2/repository/org/springframework/spring-jcl/5.3.10/spring-jcl-5.3.10.jar:/home/wchen/.m2/repository/org/springframework/spring-test/5.3.10/spring-test-5.3.10.jar:/home/wchen/.m2/repository/org/xmlunit/xmlunit-core/2.8.2/xmlunit-core-2.8.2.jar:/home/wchen/.m2/repository/org/springframework/boot/spring-boot-devtools/2.5.5/spring-boot-devtools-2.5.5.jar:/home/wchen/.m2/repository/org/springframework/boot/spring-boot/2.5.5/spring-boot-2.5.5.jar:/home/wchen/.m2/repository/org/springframework/boot/spring-boot-autoconfigure/2.5.5/spring-boot-autoconfigure-2.5.5.jar:/home/wchen/.m2/repository/org/webjars/jquery/3.4.1/jquery-3.4.1.jar:/home/wchen/.m2/repository/org/webjars/bootstrap/4.3.1/bootstrap-4.3.1.jar:/home/wchen/.m2/repository/org/webjars/popper.js/1.14.3/popper.js-1.14.3.jar:/home/wchen/.m2/repository/org/webjars/webjars-locator-core/0.46/webjars-locator-core-0.46.jar:/home/wchen/.m2/repository/org/slf4j/slf4j-api/1.7.32/slf4j-api-1.7.32.jar:/home/wchen/.m2/repository/io/github/classgraph/classgraph/4.8.69/classgraph-4.8.69.jar:/home/wchen/.m2/repository/com/fasterxml/jackson/core/jackson-core/2.12.5/jackson-core-2.12.5.jar:/home/wchen/.m2/repository/com/google/protobuf/protobuf-java/3.11.0/protobuf-java-3.11.0.jar:/home/wchen/.m2/repository/io/grpc/grpc-stub/1.26.0/grpc-stub-1.26.0.jar:/home/wchen/.m2/repository/io/grpc/grpc-protobuf/1.26.0/grpc-protobuf-1.26.0.jar:/home/wchen/.m2/repository/com/google/guava/guava/28.1-android/guava-28.1-android.jar:/home/wchen/.m2/repository/com/google/guava/failureaccess/1.0.1/failureaccess-1.0.1.jar:/home/wchen/.m2/repository/com/google/guava/listenablefuture/9999.0-empty-to-avoid-conflict-with-guava/listenablefuture-9999.0-empty-to-avoid-conflict-with-guava.jar:/home/wchen/.m2/repository/org/checkerframework/checker-compat-qual/2.5.5/checker-compat-qual-2.5.5.jar:/home/wchen/.m2/repository/com/google/j2objc/j2objc-annotations/1.3/j2objc-annotations-1.3.jar:/home/wchen/.m2/repository/com/google/api/grpc/proto-google-common-protos/1.12.0/proto-google-common-protos-1.12.0.jar:/home/wchen/.m2/repository/io/grpc/grpc-protobuf-lite/1.26.0/grpc-protobuf-lite-1.26.0.jar:/home/wchen/.m2/repository/io/grpc/grpc-netty-shaded/1.27.1/grpc-netty-shaded-1.27.1.jar:/home/wchen/.m2/repository/io/grpc/grpc-core/1.27.1/grpc-core-1.27.1.jar:/home/wchen/.m2/repository/io/grpc/grpc-api/1.27.1/grpc-api-1.27.1.jar:/home/wchen/.m2/repository/io/grpc/grpc-context/1.27.1/grpc-context-1.27.1.jar:/home/wchen/.m2/repository/com/google/code/findbugs/jsr305/3.0.2/jsr305-3.0.2.jar:/home/wchen/.m2/repository/org/codehaus/mojo/animal-sniffer-annotations/1.18/animal-sniffer-annotations-1.18.jar:/home/wchen/.m2/repository/com/google/code/gson/gson/2.8.8/gson-2.8.8.jar:/home/wchen/.m2/repository/com/google/android/annotations/4.1.1.4/annotations-4.1.1.4.jar:/home/wchen/.m2/repository/com/google/errorprone/error_prone_annotations/2.3.4/error_prone_annotations-2.3.4.jar:/home/wchen/.m2/repository/io/perfmark/perfmark-api/0.19.0/perfmark-api-0.19.0.jar:/home/wchen/.m2/repository/com/github/eirslett/frontend-maven-plugin/1.12.1/frontend-maven-plugin-1.12.1.jar:/home/wchen/.m2/repository/com/github/eirslett/frontend-plugin-core/1.12.1/frontend-plugin-core-1.12.1.jar:/home/wchen/.m2/repository/org/apache/commons/commons-compress/1.21/commons-compress-1.21.jar:/home/wchen/.m2/repository/commons-io/commons-io/2.11.0/commons-io-2.11.0.jar:/home/wchen/.m2/repository/org/apache/commons/commons-exec/1.3/commons-exec-1.3.jar:/home/wchen/.m2/repository/org/apache/httpcomponents/httpclient/4.5.13/httpclient-4.5.13.jar:/home/wchen/.m2/repository/org/apache/httpcomponents/httpcore/4.4.14/httpcore-4.4.14.jar:/home/wchen/.m2/repository/commons-codec/commons-codec/1.15/commons-codec-1.15.jar:/home/wchen/.m2/repository/org/codehaus/plexus/plexus-utils/3.0.22/plexus-utils-3.0.22.jar:/home/wchen/.m2/repository/org/apache/maven/maven-plugin-api/3.6.0/maven-plugin-api-3.6.0.jar:/home/wchen/.m2/repository/org/apache/maven/maven-model/3.6.0/maven-model-3.6.0.jar:/home/wchen/.m2/repository/org/apache/maven/maven-artifact/3.6.0/maven-artifact-3.6.0.jar:/home/wchen/.m2/repository/org/apache/commons/commons-lang3/3.12.0/commons-lang3-3.12.0.jar:/home/wchen/.m2/repository/org/eclipse/sisu/org.eclipse.sisu.plexus/0.3.3/org.eclipse.sisu.plexus-0.3.3.jar:/home/wchen/.m2/repository/javax/enterprise/cdi-api/1.0/cdi-api-1.0.jar:/home/wchen/.m2/repository/javax/annotation/jsr250-api/1.0/jsr250-api-1.0.jar:/home/wchen/.m2/repository/javax/inject/javax.inject/1/javax.inject-1.jar:/home/wchen/.m2/repository/org/eclipse/sisu/org.eclipse.sisu.inject/0.3.3/org.eclipse.sisu.inject-0.3.3.jar:/home/wchen/.m2/repository/org/codehaus/plexus/plexus-component-annotations/1.5.5/plexus-component-annotations-1.5.5.jar:/home/wchen/.m2/repository/org/codehaus/plexus/plexus-classworlds/2.5.2/plexus-classworlds-2.5.2.jar:/home/wchen/.m2/repository/org/apache/maven/plugin-tools/maven-plugin-annotations/3.2/maven-plugin-annotations-3.2.jar:/home/wchen/.m2/repository/org/sonatype/plexus/plexus-build-api/0.0.7/plexus-build-api-0.0.7.jar:/home/wchen/.m2/repository/io/grpc/grpc-services/1.27.1/grpc-services-1.27.1.jar:/home/wchen/.m2/repository/com/google/protobuf/protobuf-java-util/3.11.0/protobuf-java-util-3.11.0.jar:/home/wchen/.m2/repository/org/webjars/js-cookie/2.1.0/js-cookie-2.1.0.jar:/home/wchen/.m2/repository/io/awspring/cloud/spring-cloud-aws-context/2.4.0/spring-cloud-aws-context-2.4.0.jar:/home/wchen/.m2/repository/io/awspring/cloud/spring-cloud-aws-core/2.4.0/spring-cloud-aws-core-2.4.0.jar:/home/wchen/.m2/repository/com/amazonaws/aws-java-sdk-core/1.12.132/aws-java-sdk-core-1.12.132.jar:/home/wchen/.m2/repository/software/amazon/ion/ion-java/1.0.2/ion-java-1.0.2.jar:/home/wchen/.m2/repository/com/fasterxml/jackson/dataformat/jackson-dataformat-cbor/2.12.5/jackson-dataformat-cbor-2.12.5.jar:/home/wchen/.m2/repository/joda-time/joda-time/2.8.1/joda-time-2.8.1.jar:/home/wchen/.m2/repository/com/amazonaws/aws-java-sdk-s3/1.12.132/aws-java-sdk-s3-1.12.132.jar:/home/wchen/.m2/repository/com/amazonaws/aws-java-sdk-kms/1.12.132/aws-java-sdk-kms-1.12.132.jar:/home/wchen/.m2/repository/com/amazonaws/jmespath-java/1.12.132/jmespath-java-1.12.132.jar:/home/wchen/.m2/repository/com/amazonaws/aws-java-sdk-ec2/1.12.132/aws-java-sdk-ec2-1.12.132.jar:/home/wchen/.m2/repository/org/springframework/spring-context/5.3.10/spring-context-5.3.10.jar:/home/wchen/.m2/repository/javax/activation/javax.activation-api/1.2.0/javax.activation-api-1.2.0.jar:/home/wchen/.m2/repository/io/awspring/cloud/spring-cloud-aws-autoconfigure/2.4.0/spring-cloud-aws-autoconfigure-2.4.0.jar:/home/wchen/.m2/repository/org/mockito/mockito-core/3.9.0/mockito-core-3.9.0.jar:/home/wchen/.m2/repository/net/bytebuddy/byte-buddy/1.10.22/byte-buddy-1.10.22.jar:/home/wchen/.m2/repository/net/bytebuddy/byte-buddy-agent/1.10.22/byte-buddy-agent-1.10.22.jar:/home/wchen/.m2/repository/org/objenesis/objenesis/3.2/objenesis-3.2.jar:/home/wchen/.m2/repository/junit/junit/4.13.2/junit-4.13.2.jar:/home/wchen/.m2/repository/org/hamcrest/hamcrest-core/2.2/hamcrest-core-2.2.jar:"/>
    <property name="sun.cpu.endian" value="little"/>
    <property name="user.home" value="/home/wchen"/>
    <property name="user.language" value="en"/>
    <property name="java.specification.vendor" value="Oracle Corporation"/>
    <property name="java.version.date" value="2021-10-19"/>
    <property name="java.home" value="/usr/lib/jvm/java-11-openjdk-amd64"/>
    <property name="file.separator" value="/"/>
    <property name="basedir" value="/mnt/c/Users/cw131/IdeaProjects/multimedia-main"/>
    <property name="java.vm.compressedOopsMode" value="Zero based"/>
    <property name="line.separator" value="&#10;"/>
    <property name="java.specification.name" value="Java Platform API Specification"/>
    <property name="java.vm.specification.vendor" value="Oracle Corporation"/>
    <property name="java.awt.graphicsenv" value="sun.awt.X11GraphicsEnvironment"/>
    <property name="surefire.real.class.path" value="/mnt/c/Users/cw131/IdeaProjects/multimedia-main/target/surefire/surefirebooter9336818323012074400.jar"/>
    <property name="sun.management.compiler" value="HotSpot 64-Bit Tiered Compilers"/>
    <property name="java.runtime.version" value="11.0.13+8-Ubuntu-0ubuntu1.20.04"/>
    <property name="user.name" value="wchen"/>
    <property name="path.separator" value=":"/>
    <property name="os.version" value="4.4.0-19041-Microsoft"/>
    <property name="java.runtime.name" value="OpenJDK Runtime Environment"/>
    <property name="file.encoding" value="UTF-8"/>
    <property name="java.vm.name" value="OpenJDK 64-Bit Server VM"/>
    <property name="localRepository" value="/home/wchen/.m2/repository"/>
    <property name="java.vendor.url.bug" value="https://bugs.launchpad.net/ubuntu/+source/openjdk-lts"/>
    <property name="java.io.tmpdir" value="/tmp"/>
    <property name="java.version" value="11.0.13"/>
    <property name="user.dir" value="/mnt/c/Users/cw131/IdeaProjects/multimedia-main"/>
    <property name="os.arch" value="amd64"/>
    <property name="java.vm.specification.name" value="Java Virtual Machine Specification"/>
    <property name="java.awt.printerjob" value="sun.print.PSPrinterJob"/>
    <property name="sun.os.patch.level" value="unknown"/>
    <property name="java.library.path" value="/usr/java/packages/lib:/usr/lib/x86_64-linux-gnu/jni:/lib/x86_64-linux-gnu:/usr/lib/x86_64-linux-gnu:/usr/lib/jni:/lib:/usr/lib"/>
    <property name="java.vm.info" value="mixed mode, sharing"/>
    <property name="java.vendor" value="Ubuntu"/>
    <property name="java.vm.version" value="11.0.13+8-Ubuntu-0ubuntu1.20.04"/>
    <property name="sun.io.unicode.encoding" value="UnicodeLittle"/>
    <property name="java.class.version" value="55.0"/>
  </properties>
  <testcase name="getAllUserImages_withTwoEntities_success" classname="com.beshton.shop.controllers.ImageUploadControllerTest" time="0.209"/>
</testsuite>